<?xml version="1.0" encoding="UTF-8"?>
<testng-results skipped="0" failed="0" total="1" passed="1">
  <reporter-output>
  </reporter-output>
  <suite name="Suite" duration-ms="9958" started-at="2019-08-30T01:29:09Z" finished-at="2019-08-30T01:29:19Z">
    <groups>
    </groups>
    <test name="Test" duration-ms="9958" started-at="2019-08-30T01:29:09Z" finished-at="2019-08-30T01:29:19Z">
      <class name="samplePractiseproject.openbrowser">
        <test-method status="PASS" signature="test()[pri:0, instance:samplePractiseproject.openbrowser@c0edeb]" name="test" duration-ms="9958" started-at="2019-08-30T06:59:09Z" finished-at="2019-08-30T06:59:19Z">
          <reporter-output>
          </reporter-output>
        </test-method> <!-- test -->
      </class> <!-- samplePractiseproject.openbrowser -->
    </test> <!-- Test -->
  </suite> <!-- Suite -->
</testng-results>
